This file contains any messages produced by compilers while
running configure, to aid debugging if configure makes a mistake.

It was created by tclcompiler configure 1.7.1, which was
generated by GNU Autoconf 2.59.  Invocation command line was

  $ ./configure --with-tcl=/usr/lib/tcl8.6/ CPPFLAGS=-I/home/varunkakumani/teapot/lib/tbcload

## --------- ##
## Platform. ##
## --------- ##

hostname = aaa-tcl-tk
uname -m = x86_64
uname -r = 5.13.0-1019-gcp
uname -s = Linux
uname -v = #23~20.04.1-Ubuntu SMP Mon Mar 7 13:39:50 UTC 2022

/usr/bin/uname -p = x86_64
/bin/uname -X     = unknown

/bin/arch              = x86_64
/usr/bin/arch -k       = unknown
/usr/convex/getsysinfo = unknown
hostinfo               = unknown
/bin/machine           = unknown
/usr/bin/oslevel       = unknown
/bin/universe          = unknown

PATH: /usr/local/sbin
PATH: /usr/local/bin
PATH: /usr/sbin
PATH: /usr/bin
PATH: /sbin
PATH: /bin
PATH: /usr/games
PATH: /usr/local/games
PATH: /snap/bin


## ----------- ##
## Core tests. ##
## ----------- ##

configure:1321: checking for correct TEA configuration
configure:1340: result: ok (TEA 3.6)
configure:1462: checking for Tcl configuration
configure:1578: result: found /usr/lib/tcl8.6/tclConfig.sh
configure:1584: checking for existence of /usr/lib/tcl8.6/tclConfig.sh
configure:1588: result: loading
configure:1662: --prefix defaulting to TCL_PREFIX /usr
configure:1674: --exec-prefix defaulting to TCL_EXEC_PREFIX /usr
configure:1741: checking for gcc
configure:1757: found /usr/bin/gcc
configure:1767: result: gcc
configure:2011: checking for C compiler version
configure:2014: gcc --version </dev/null >&5
gcc (Ubuntu 9.4.0-1ubuntu1~20.04.1) 9.4.0
Copyright (C) 2019 Free Software Foundation, Inc.
This is free software; see the source for copying conditions.  There is NO
warranty; not even for MERCHANTABILITY or FITNESS FOR A PARTICULAR PURPOSE.

configure:2017: $? = 0
configure:2019: gcc -v </dev/null >&5
Using built-in specs.
COLLECT_GCC=gcc
COLLECT_LTO_WRAPPER=/usr/lib/gcc/x86_64-linux-gnu/9/lto-wrapper
OFFLOAD_TARGET_NAMES=nvptx-none:hsa
OFFLOAD_TARGET_DEFAULT=1
Target: x86_64-linux-gnu
Configured with: ../src/configure -v --with-pkgversion='Ubuntu 9.4.0-1ubuntu1~20.04.1' --with-bugurl=file:///usr/share/doc/gcc-9/README.Bugs --enable-languages=c,ada,c++,go,brig,d,fortran,objc,obj-c++,gm2 --prefix=/usr --with-gcc-major-version-only --program-suffix=-9 --program-prefix=x86_64-linux-gnu- --enable-shared --enable-linker-build-id --libexecdir=/usr/lib --without-included-gettext --enable-threads=posix --libdir=/usr/lib --enable-nls --enable-clocale=gnu --enable-libstdcxx-debug --enable-libstdcxx-time=yes --with-default-libstdcxx-abi=new --enable-gnu-unique-object --disable-vtable-verify --enable-plugin --enable-default-pie --with-system-zlib --with-target-system-zlib=auto --enable-objc-gc=auto --enable-multiarch --disable-werror --with-arch-32=i686 --with-abi=m64 --with-multilib-list=m32,m64,mx32 --enable-multilib --with-tune=generic --enable-offload-targets=nvptx-none=/build/gcc-9-Av3uEd/gcc-9-9.4.0/debian/tmp-nvptx/usr,hsa --without-cuda-driver --enable-checking=release --build=x86_64-linux-gnu --host=x86_64-linux-gnu --target=x86_64-linux-gnu
Thread model: posix
gcc version 9.4.0 (Ubuntu 9.4.0-1ubuntu1~20.04.1) 
configure:2022: $? = 0
configure:2024: gcc -V </dev/null >&5
gcc: error: unrecognized command line option '-V'
gcc: fatal error: no input files
compilation terminated.
configure:2027: $? = 1
configure:2050: checking for C compiler default output file name
configure:2053: gcc  -I/home/varunkakumani/teapot/lib/tbcload  conftest.c  >&5
configure:2056: $? = 0
configure:2102: result: a.out
configure:2107: checking whether the C compiler works
configure:2113: ./a.out
configure:2116: $? = 0
configure:2133: result: yes
configure:2140: checking whether we are cross compiling
configure:2142: result: no
configure:2145: checking for suffix of executables
configure:2147: gcc -o conftest  -I/home/varunkakumani/teapot/lib/tbcload  conftest.c  >&5
configure:2150: $? = 0
configure:2175: result: 
configure:2181: checking for suffix of object files
configure:2202: gcc -c  -I/home/varunkakumani/teapot/lib/tbcload conftest.c >&5
configure:2205: $? = 0
configure:2227: result: o
configure:2231: checking whether we are using the GNU C compiler
configure:2255: gcc -c  -I/home/varunkakumani/teapot/lib/tbcload conftest.c >&5
configure:2261: $? = 0
configure:2265: test -z 
			 || test ! -s conftest.err
configure:2268: $? = 0
configure:2271: test -s conftest.o
configure:2274: $? = 0
configure:2287: result: yes
configure:2293: checking whether gcc accepts -g
configure:2314: gcc -c -g -I/home/varunkakumani/teapot/lib/tbcload conftest.c >&5
configure:2320: $? = 0
configure:2324: test -z 
			 || test ! -s conftest.err
configure:2327: $? = 0
configure:2330: test -s conftest.o
configure:2333: $? = 0
configure:2344: result: yes
configure:2361: checking for gcc option to accept ANSI C
configure:2431: gcc  -c  -I/home/varunkakumani/teapot/lib/tbcload conftest.c >&5
configure:2437: $? = 0
configure:2441: test -z 
			 || test ! -s conftest.err
configure:2444: $? = 0
configure:2447: test -s conftest.o
configure:2450: $? = 0
configure:2468: result: none needed
configure:2486: gcc -c  -I/home/varunkakumani/teapot/lib/tbcload conftest.c >&5
conftest.c:2:3: error: unknown type name 'choke'
    2 |   choke me
      |   ^~~~~
conftest.c:2:3: error: expected '=', ',', ';', 'asm' or '__attribute__' at end of input
configure:2492: $? = 1
configure: failed program was:
| #ifndef __cplusplus
|   choke me
| #endif
configure:2630: checking how to run the C preprocessor
configure:2665: gcc -E -I/home/varunkakumani/teapot/lib/tbcload conftest.c
configure:2671: $? = 0
configure:2703: gcc -E -I/home/varunkakumani/teapot/lib/tbcload conftest.c
conftest.c:9:10: fatal error: ac_nonexistent.h: No such file or directory
    9 | #include <ac_nonexistent.h>
      |          ^~~~~~~~~~~~~~~~~~
compilation terminated.
configure:2709: $? = 1
configure: failed program was:
| /* confdefs.h.  */
| 
| #define PACKAGE_NAME "tclcompiler"
| #define PACKAGE_TARNAME "tclcompiler"
| #define PACKAGE_VERSION "1.7.1"
| #define PACKAGE_STRING "tclcompiler 1.7.1"
| #define PACKAGE_BUGREPORT ""
| /* end confdefs.h.  */
| #include <ac_nonexistent.h>
configure:2748: result: gcc -E
configure:2772: gcc -E -I/home/varunkakumani/teapot/lib/tbcload conftest.c
configure:2778: $? = 0
configure:2810: gcc -E -I/home/varunkakumani/teapot/lib/tbcload conftest.c
conftest.c:9:10: fatal error: ac_nonexistent.h: No such file or directory
    9 | #include <ac_nonexistent.h>
      |          ^~~~~~~~~~~~~~~~~~
compilation terminated.
configure:2816: $? = 1
configure: failed program was:
| /* confdefs.h.  */
| 
| #define PACKAGE_NAME "tclcompiler"
| #define PACKAGE_TARNAME "tclcompiler"
| #define PACKAGE_VERSION "1.7.1"
| #define PACKAGE_STRING "tclcompiler 1.7.1"
| #define PACKAGE_BUGREPORT ""
| /* end confdefs.h.  */
| #include <ac_nonexistent.h>
configure:2873: checking for a BSD-compatible install
configure:2928: result: /usr/bin/install -c
configure:2944: checking whether make sets $(MAKE)
configure:2964: result: yes
configure:3019: checking for ranlib
configure:3035: found /usr/bin/ranlib
configure:3046: result: ranlib
configure:3068: checking for egrep
configure:3078: result: grep -E
configure:3083: checking for ANSI C header files
configure:3108: gcc -c  -I/home/varunkakumani/teapot/lib/tbcload conftest.c >&5
configure:3114: $? = 0
configure:3118: test -z 
			 || test ! -s conftest.err
configure:3121: $? = 0
configure:3124: test -s conftest.o
configure:3127: $? = 0
configure:3216: gcc -o conftest  -I/home/varunkakumani/teapot/lib/tbcload  conftest.c  >&5
conftest.c: In function 'main':
conftest.c:26:7: warning: implicit declaration of function 'exit' [-Wimplicit-function-declaration]
   26 |       exit(2);
      |       ^~~~
conftest.c:26:7: warning: incompatible implicit declaration of built-in function 'exit'
conftest.c:10:1: note: include '<stdlib.h>' or provide a declaration of 'exit'
    9 | #include <ctype.h>
  +++ |+#include <stdlib.h>
   10 | #if ((' ' & 0x0FF) == 0x020)
conftest.c:27:3: warning: incompatible implicit declaration of built-in function 'exit'
   27 |   exit (0);
      |   ^~~~
conftest.c:27:3: note: include '<stdlib.h>' or provide a declaration of 'exit'
configure:3219: $? = 0
configure:3221: ./conftest
configure:3224: $? = 0
configure:3239: result: yes
configure:3263: checking for sys/types.h
configure:3279: gcc -c  -I/home/varunkakumani/teapot/lib/tbcload conftest.c >&5
configure:3285: $? = 0
configure:3289: test -z 
			 || test ! -s conftest.err
configure:3292: $? = 0
configure:3295: test -s conftest.o
configure:3298: $? = 0
configure:3309: result: yes
configure:3263: checking for sys/stat.h
configure:3279: gcc -c  -I/home/varunkakumani/teapot/lib/tbcload conftest.c >&5
configure:3285: $? = 0
configure:3289: test -z 
			 || test ! -s conftest.err
configure:3292: $? = 0
configure:3295: test -s conftest.o
configure:3298: $? = 0
configure:3309: result: yes
configure:3263: checking for stdlib.h
configure:3279: gcc -c  -I/home/varunkakumani/teapot/lib/tbcload conftest.c >&5
configure:3285: $? = 0
configure:3289: test -z 
			 || test ! -s conftest.err
configure:3292: $? = 0
configure:3295: test -s conftest.o
configure:3298: $? = 0
configure:3309: result: yes
configure:3263: checking for string.h
configure:3279: gcc -c  -I/home/varunkakumani/teapot/lib/tbcload conftest.c >&5
configure:3285: $? = 0
configure:3289: test -z 
			 || test ! -s conftest.err
configure:3292: $? = 0
configure:3295: test -s conftest.o
configure:3298: $? = 0
configure:3309: result: yes
configure:3263: checking for memory.h
configure:3279: gcc -c  -I/home/varunkakumani/teapot/lib/tbcload conftest.c >&5
configure:3285: $? = 0
configure:3289: test -z 
			 || test ! -s conftest.err
configure:3292: $? = 0
configure:3295: test -s conftest.o
configure:3298: $? = 0
configure:3309: result: yes
configure:3263: checking for strings.h
configure:3279: gcc -c  -I/home/varunkakumani/teapot/lib/tbcload conftest.c >&5
configure:3285: $? = 0
configure:3289: test -z 
			 || test ! -s conftest.err
configure:3292: $? = 0
configure:3295: test -s conftest.o
configure:3298: $? = 0
configure:3309: result: yes
configure:3263: checking for inttypes.h
configure:3279: gcc -c  -I/home/varunkakumani/teapot/lib/tbcload conftest.c >&5
configure:3285: $? = 0
configure:3289: test -z 
			 || test ! -s conftest.err
configure:3292: $? = 0
configure:3295: test -s conftest.o
configure:3298: $? = 0
configure:3309: result: yes
configure:3263: checking for stdint.h
configure:3279: gcc -c  -I/home/varunkakumani/teapot/lib/tbcload conftest.c >&5
configure:3285: $? = 0
configure:3289: test -z 
			 || test ! -s conftest.err
configure:3292: $? = 0
configure:3295: test -s conftest.o
configure:3298: $? = 0
configure:3309: result: yes
configure:3263: checking for unistd.h
configure:3279: gcc -c  -I/home/varunkakumani/teapot/lib/tbcload conftest.c >&5
configure:3285: $? = 0
configure:3289: test -z 
			 || test ! -s conftest.err
configure:3292: $? = 0
configure:3295: test -s conftest.o
configure:3298: $? = 0
configure:3309: result: yes
configure:3331: checking if the compiler understands -pipe
configure:3354: gcc -c  -pipe -I/home/varunkakumani/teapot/lib/tbcload conftest.c >&5
configure:3360: $? = 0
configure:3364: test -z 
			 || test ! -s conftest.err
configure:3367: $? = 0
configure:3370: test -s conftest.o
configure:3373: $? = 0
configure:3385: result: yes
configure:3396: checking whether byte ordering is bigendian
configure:3423: gcc -c  -pipe -I/home/varunkakumani/teapot/lib/tbcload conftest.c >&5
configure:3429: $? = 0
configure:3433: test -z 
			 || test ! -s conftest.err
configure:3436: $? = 0
configure:3439: test -s conftest.o
configure:3442: $? = 0
configure:3466: gcc -c  -pipe -I/home/varunkakumani/teapot/lib/tbcload conftest.c >&5
conftest.c: In function 'main':
conftest.c:26:2: error: unknown type name 'not'; did you mean 'ino_t'?
   26 |  not big endian
      |  ^~~
      |  ino_t
conftest.c:26:10: error: expected '=', ',', ';', 'asm' or '__attribute__' before 'endian'
   26 |  not big endian
      |          ^~~~~~
configure:3472: $? = 1
configure: failed program was:
| /* confdefs.h.  */
| 
| #define PACKAGE_NAME "tclcompiler"
| #define PACKAGE_TARNAME "tclcompiler"
| #define PACKAGE_VERSION "1.7.1"
| #define PACKAGE_STRING "tclcompiler 1.7.1"
| #define PACKAGE_BUGREPORT ""
| #define STDC_HEADERS 1
| #define HAVE_SYS_TYPES_H 1
| #define HAVE_SYS_STAT_H 1
| #define HAVE_STDLIB_H 1
| #define HAVE_STRING_H 1
| #define HAVE_MEMORY_H 1
| #define HAVE_STRINGS_H 1
| #define HAVE_INTTYPES_H 1
| #define HAVE_STDINT_H 1
| #define HAVE_UNISTD_H 1
| /* end confdefs.h.  */
| #include <sys/types.h>
| #include <sys/param.h>
| 
| int
| main ()
| {
| #if BYTE_ORDER != BIG_ENDIAN
|  not big endian
| #endif
| 
|   ;
|   return 0;
| }
configure:3607: result: no
configure:3635: checking for sin
configure:3692: gcc -o conftest  -pipe -I/home/varunkakumani/teapot/lib/tbcload  conftest.c  >&5
conftest.c:43:6: warning: conflicting types for built-in function 'sin'; expected 'double(double)' [-Wbuiltin-declaration-mismatch]
   43 | char sin ();
      |      ^~~
conftest.c:30:1: note: 'sin' is declared in header '<math.h>'
   29 | # include <limits.h>
   30 | #else
/usr/bin/ld: /tmp/ccirMz9R.o: in function `main':
conftest.c:(.text+0x12): undefined reference to `sin'
/usr/bin/ld: /tmp/ccirMz9R.o:(.data.rel+0x0): undefined reference to `sin'
collect2: error: ld returned 1 exit status
configure:3698: $? = 1
configure: failed program was:
| /* confdefs.h.  */
| 
| #define PACKAGE_NAME "tclcompiler"
| #define PACKAGE_TARNAME "tclcompiler"
| #define PACKAGE_VERSION "1.7.1"
| #define PACKAGE_STRING "tclcompiler 1.7.1"
| #define PACKAGE_BUGREPORT ""
| #define STDC_HEADERS 1
| #define HAVE_SYS_TYPES_H 1
| #define HAVE_SYS_STAT_H 1
| #define HAVE_STDLIB_H 1
| #define HAVE_STRING_H 1
| #define HAVE_MEMORY_H 1
| #define HAVE_STRINGS_H 1
| #define HAVE_INTTYPES_H 1
| #define HAVE_STDINT_H 1
| #define HAVE_UNISTD_H 1
| /* end confdefs.h.  */
| /* Define sin to an innocuous variant, in case <limits.h> declares sin.
|    For example, HP-UX 11i <limits.h> declares gettimeofday.  */
| #define sin innocuous_sin
| 
| /* System header to define __stub macros and hopefully few prototypes,
|     which can conflict with char sin (); below.
|     Prefer <limits.h> to <assert.h> if __STDC__ is defined, since
|     <limits.h> exists even on freestanding compilers.  */
| 
| #ifdef __STDC__
| # include <limits.h>
| #else
| # include <assert.h>
| #endif
| 
| #undef sin
| 
| /* Override any gcc2 internal prototype to avoid an error.  */
| #ifdef __cplusplus
| extern "C"
| {
| #endif
| /* We use char because int might match the return type of a gcc2
|    builtin and then its argument prototype would still apply.  */
| char sin ();
| /* The GNU C library defines this for functions which it implements
|     to always fail with ENOSYS.  Some functions are actually named
|     something starting with __ and the normal name is an alias.  */
| #if defined (__stub_sin) || defined (__stub___sin)
| choke me
| #else
| char (*f) () = sin;
| #endif
| #ifdef __cplusplus
| }
| #endif
| 
| int
| main ()
| {
| return f != sin;
|   ;
|   return 0;
| }
configure:3723: result: no
configure:3731: checking for main in -lieee
configure:3755: gcc -o conftest  -pipe -I/home/varunkakumani/teapot/lib/tbcload  conftest.c -lieee   >&5
/usr/bin/ld: cannot find -lieee
collect2: error: ld returned 1 exit status
configure:3761: $? = 1
configure: failed program was:
| /* confdefs.h.  */
| 
| #define PACKAGE_NAME "tclcompiler"
| #define PACKAGE_TARNAME "tclcompiler"
| #define PACKAGE_VERSION "1.7.1"
| #define PACKAGE_STRING "tclcompiler 1.7.1"
| #define PACKAGE_BUGREPORT ""
| #define STDC_HEADERS 1
| #define HAVE_SYS_TYPES_H 1
| #define HAVE_SYS_STAT_H 1
| #define HAVE_STDLIB_H 1
| #define HAVE_STRING_H 1
| #define HAVE_MEMORY_H 1
| #define HAVE_STRINGS_H 1
| #define HAVE_INTTYPES_H 1
| #define HAVE_STDINT_H 1
| #define HAVE_UNISTD_H 1
| /* end confdefs.h.  */
| 
| 
| int
| main ()
| {
| main ();
|   ;
|   return 0;
| }
configure:3787: result: no
configure:3799: checking for main in -linet
configure:3823: gcc -o conftest  -pipe -I/home/varunkakumani/teapot/lib/tbcload  conftest.c -linet   >&5
/usr/bin/ld: cannot find -linet
collect2: error: ld returned 1 exit status
configure:3829: $? = 1
configure: failed program was:
| /* confdefs.h.  */
| 
| #define PACKAGE_NAME "tclcompiler"
| #define PACKAGE_TARNAME "tclcompiler"
| #define PACKAGE_VERSION "1.7.1"
| #define PACKAGE_STRING "tclcompiler 1.7.1"
| #define PACKAGE_BUGREPORT ""
| #define STDC_HEADERS 1
| #define HAVE_SYS_TYPES_H 1
| #define HAVE_SYS_STAT_H 1
| #define HAVE_STDLIB_H 1
| #define HAVE_STRING_H 1
| #define HAVE_MEMORY_H 1
| #define HAVE_STRINGS_H 1
| #define HAVE_INTTYPES_H 1
| #define HAVE_STDINT_H 1
| #define HAVE_UNISTD_H 1
| /* end confdefs.h.  */
| 
| 
| int
| main ()
| {
| main ();
|   ;
|   return 0;
| }
configure:3855: result: no
configure:3871: checking net/errno.h usability
configure:3883: gcc -c  -pipe -I/home/varunkakumani/teapot/lib/tbcload conftest.c >&5
conftest.c:53:10: fatal error: net/errno.h: No such file or directory
   53 | #include <net/errno.h>
      |          ^~~~~~~~~~~~~
compilation terminated.
configure:3889: $? = 1
configure: failed program was:
| /* confdefs.h.  */
| 
| #define PACKAGE_NAME "tclcompiler"
| #define PACKAGE_TARNAME "tclcompiler"
| #define PACKAGE_VERSION "1.7.1"
| #define PACKAGE_STRING "tclcompiler 1.7.1"
| #define PACKAGE_BUGREPORT ""
| #define STDC_HEADERS 1
| #define HAVE_SYS_TYPES_H 1
| #define HAVE_SYS_STAT_H 1
| #define HAVE_STDLIB_H 1
| #define HAVE_STRING_H 1
| #define HAVE_MEMORY_H 1
| #define HAVE_STRINGS_H 1
| #define HAVE_INTTYPES_H 1
| #define HAVE_STDINT_H 1
| #define HAVE_UNISTD_H 1
| /* end confdefs.h.  */
| #include <stdio.h>
| #if HAVE_SYS_TYPES_H
| # include <sys/types.h>
| #endif
| #if HAVE_SYS_STAT_H
| # include <sys/stat.h>
| #endif
| #if STDC_HEADERS
| # include <stdlib.h>
| # include <stddef.h>
| #else
| # if HAVE_STDLIB_H
| #  include <stdlib.h>
| # endif
| #endif
| #if HAVE_STRING_H
| # if !STDC_HEADERS && HAVE_MEMORY_H
| #  include <memory.h>
| # endif
| # include <string.h>
| #endif
| #if HAVE_STRINGS_H
| # include <strings.h>
| #endif
| #if HAVE_INTTYPES_H
| # include <inttypes.h>
| #else
| # if HAVE_STDINT_H
| #  include <stdint.h>
| # endif
| #endif
| #if HAVE_UNISTD_H
| # include <unistd.h>
| #endif
| #include <net/errno.h>
configure:3912: result: no
configure:3916: checking net/errno.h presence
configure:3926: gcc -E -I/home/varunkakumani/teapot/lib/tbcload conftest.c
conftest.c:19:10: fatal error: net/errno.h: No such file or directory
   19 | #include <net/errno.h>
      |          ^~~~~~~~~~~~~
compilation terminated.
configure:3932: $? = 1
configure: failed program was:
| /* confdefs.h.  */
| 
| #define PACKAGE_NAME "tclcompiler"
| #define PACKAGE_TARNAME "tclcompiler"
| #define PACKAGE_VERSION "1.7.1"
| #define PACKAGE_STRING "tclcompiler 1.7.1"
| #define PACKAGE_BUGREPORT ""
| #define STDC_HEADERS 1
| #define HAVE_SYS_TYPES_H 1
| #define HAVE_SYS_STAT_H 1
| #define HAVE_STDLIB_H 1
| #define HAVE_STRING_H 1
| #define HAVE_MEMORY_H 1
| #define HAVE_STRINGS_H 1
| #define HAVE_INTTYPES_H 1
| #define HAVE_STDINT_H 1
| #define HAVE_UNISTD_H 1
| /* end confdefs.h.  */
| #include <net/errno.h>
configure:3952: result: no
configure:3987: checking for net/errno.h
configure:3994: result: no
configure:4028: checking for connect
configure:4085: gcc -o conftest  -pipe -I/home/varunkakumani/teapot/lib/tbcload  conftest.c  >&5
configure:4091: $? = 0
configure:4095: test -z 
			 || test ! -s conftest.err
configure:4098: $? = 0
configure:4101: test -s conftest
configure:4104: $? = 0
configure:4116: result: yes
configure:4391: checking for gethostbyname
configure:4448: gcc -o conftest  -pipe -I/home/varunkakumani/teapot/lib/tbcload  conftest.c  >&5
configure:4454: $? = 0
configure:4458: test -z 
			 || test ! -s conftest.err
configure:4461: $? = 0
configure:4464: test -s conftest
configure:4467: $? = 0
configure:4479: result: yes
configure:4563: checking dirent.h
configure:4604: gcc -o conftest  -pipe -I/home/varunkakumani/teapot/lib/tbcload  conftest.c  >&5
configure:4610: $? = 0
configure:4614: test -z 
			 || test ! -s conftest.err
configure:4617: $? = 0
configure:4620: test -s conftest
configure:4623: $? = 0
configure:4635: result: yes
configure:4656: checking errno.h usability
configure:4668: gcc -c  -pipe -I/home/varunkakumani/teapot/lib/tbcload conftest.c >&5
configure:4674: $? = 0
configure:4678: test -z 
			 || test ! -s conftest.err
configure:4681: $? = 0
configure:4684: test -s conftest.o
configure:4687: $? = 0
configure:4697: result: yes
configure:4701: checking errno.h presence
configure:4711: gcc -E -I/home/varunkakumani/teapot/lib/tbcload conftest.c
configure:4717: $? = 0
configure:4737: result: yes
configure:4772: checking for errno.h
configure:4779: result: yes
configure:4804: checking float.h usability
configure:4816: gcc -c  -pipe -I/home/varunkakumani/teapot/lib/tbcload conftest.c >&5
configure:4822: $? = 0
configure:4826: test -z 
			 || test ! -s conftest.err
configure:4829: $? = 0
configure:4832: test -s conftest.o
configure:4835: $? = 0
configure:4845: result: yes
configure:4849: checking float.h presence
configure:4859: gcc -E -I/home/varunkakumani/teapot/lib/tbcload conftest.c
configure:4865: $? = 0
configure:4885: result: yes
configure:4920: checking for float.h
configure:4927: result: yes
configure:4952: checking values.h usability
configure:4964: gcc -c  -pipe -I/home/varunkakumani/teapot/lib/tbcload conftest.c >&5
configure:4970: $? = 0
configure:4974: test -z 
			 || test ! -s conftest.err
configure:4977: $? = 0
configure:4980: test -s conftest.o
configure:4983: $? = 0
configure:4993: result: yes
configure:4997: checking values.h presence
configure:5007: gcc -E -I/home/varunkakumani/teapot/lib/tbcload conftest.c
configure:5013: $? = 0
configure:5033: result: yes
configure:5068: checking for values.h
configure:5075: result: yes
configure:5100: checking limits.h usability
configure:5112: gcc -c  -pipe -I/home/varunkakumani/teapot/lib/tbcload conftest.c >&5
configure:5118: $? = 0
configure:5122: test -z 
			 || test ! -s conftest.err
configure:5125: $? = 0
configure:5128: test -s conftest.o
configure:5131: $? = 0
configure:5141: result: yes
configure:5145: checking limits.h presence
configure:5155: gcc -E -I/home/varunkakumani/teapot/lib/tbcload conftest.c
configure:5161: $? = 0
configure:5181: result: yes
configure:5216: checking for limits.h
configure:5223: result: yes
configure:5243: checking for stdlib.h
configure:5248: result: yes
configure:5445: checking for string.h
configure:5450: result: yes
configure:5644: checking sys/wait.h usability
configure:5656: gcc -c  -pipe -I/home/varunkakumani/teapot/lib/tbcload conftest.c >&5
configure:5662: $? = 0
configure:5666: test -z 
			 || test ! -s conftest.err
configure:5669: $? = 0
configure:5672: test -s conftest.o
configure:5675: $? = 0
configure:5685: result: yes
configure:5689: checking sys/wait.h presence
configure:5699: gcc -E -I/home/varunkakumani/teapot/lib/tbcload conftest.c
configure:5705: $? = 0
configure:5725: result: yes
configure:5760: checking for sys/wait.h
configure:5767: result: yes
configure:5792: checking dlfcn.h usability
configure:5804: gcc -c  -pipe -I/home/varunkakumani/teapot/lib/tbcload conftest.c >&5
configure:5810: $? = 0
configure:5814: test -z 
			 || test ! -s conftest.err
configure:5817: $? = 0
configure:5820: test -s conftest.o
configure:5823: $? = 0
configure:5833: result: yes
configure:5837: checking dlfcn.h presence
configure:5847: gcc -E -I/home/varunkakumani/teapot/lib/tbcload conftest.c
configure:5853: $? = 0
configure:5873: result: yes
configure:5908: checking for dlfcn.h
configure:5915: result: yes
configure:5946: checking sys/param.h usability
configure:5958: gcc -c  -pipe -I/home/varunkakumani/teapot/lib/tbcload conftest.c >&5
configure:5964: $? = 0
configure:5968: test -z 
			 || test ! -s conftest.err
configure:5971: $? = 0
configure:5974: test -s conftest.o
configure:5977: $? = 0
configure:5987: result: yes
configure:5991: checking sys/param.h presence
configure:6001: gcc -E -I/home/varunkakumani/teapot/lib/tbcload conftest.c
configure:6007: $? = 0
configure:6027: result: yes
configure:6062: checking for sys/param.h
configure:6069: result: yes
configure:6225: checking for Tcl private include files
configure:6273: result: Using srcdir found in tclConfig.sh: /usr/include/tcl8.6/tcl-private
configure:6323: checking for pthread_mutex_init in -lpthread
configure:6353: gcc -o conftest  -pipe -I/home/varunkakumani/teapot/lib/tbcload  conftest.c -lpthread   >&5
configure:6359: $? = 0
configure:6363: test -z 
			 || test ! -s conftest.err
configure:6366: $? = 0
configure:6369: test -s conftest
configure:6372: $? = 0
configure:6385: result: yes
configure:6706: checking for building with threads
configure:6714: result: yes (default)
configure:6750: checking how to build libraries
configure:6768: result: shared
configure:6789: checking if 64bit support is requested
configure:6798: result: no
configure:6803: checking if 64bit Sparc VIS support is requested
configure:6812: result: no
configure:6840: checking system version
configure:6870: result: Linux-5.13.0-1019-gcp
configure:6878: checking for dlopen in -ldl
configure:6908: gcc -o conftest  -pipe -I/home/varunkakumani/teapot/lib/tbcload  conftest.c -ldl   >&5
configure:6914: $? = 0
configure:6918: test -z 
			 || test ! -s conftest.err
configure:6921: $? = 0
configure:6924: test -s conftest
configure:6927: $? = 0
configure:6940: result: yes
configure:6981: checking for ar
configure:6997: found /usr/bin/ar
configure:7007: result: ar
configure:8846: checking for required early compiler flags
configure:8869: gcc -c  -pipe -I/home/varunkakumani/teapot/lib/tbcload conftest.c >&5
configure:8875: $? = 0
configure:8879: test -z 
			 || test ! -s conftest.err
configure:8882: $? = 0
configure:8885: test -s conftest.o
configure:8888: $? = 0
configure:8974: gcc -c  -pipe -I/home/varunkakumani/teapot/lib/tbcload conftest.c >&5
conftest.c: In function 'main':
conftest.c:29:15: error: storage size of 'buf' isn't known
   29 | struct stat64 buf; int i = stat64("/", &buf);
      |               ^~~
conftest.c:29:28: warning: implicit declaration of function 'stat64'; did you mean 'stat'? [-Wimplicit-function-declaration]
   29 | struct stat64 buf; int i = stat64("/", &buf);
      |                            ^~~~~~
      |                            stat
configure:8980: $? = 1
configure: failed program was:
| /* confdefs.h.  */
| 
| #define PACKAGE_NAME "tclcompiler"
| #define PACKAGE_TARNAME "tclcompiler"
| #define PACKAGE_VERSION "1.7.1"
| #define PACKAGE_STRING "tclcompiler 1.7.1"
| #define PACKAGE_BUGREPORT ""
| #define STDC_HEADERS 1
| #define HAVE_SYS_TYPES_H 1
| #define HAVE_SYS_STAT_H 1
| #define HAVE_STDLIB_H 1
| #define HAVE_STRING_H 1
| #define HAVE_MEMORY_H 1
| #define HAVE_STRINGS_H 1
| #define HAVE_INTTYPES_H 1
| #define HAVE_STDINT_H 1
| #define HAVE_UNISTD_H 1
| #define HAVE_LIMITS_H 1
| #define HAVE_SYS_PARAM_H 1
| #define USE_THREAD_ALLOC 1
| #define _REENTRANT 1
| #define _THREAD_SAFE 1
| #define TCL_THREADS 1
| /* end confdefs.h.  */
| #include <sys/stat.h>
| int
| main ()
| {
| struct stat64 buf; int i = stat64("/", &buf);
|   ;
|   return 0;
| }
configure:9017: gcc -c  -pipe -I/home/varunkakumani/teapot/lib/tbcload conftest.c >&5
configure:9023: $? = 0
configure:9027: test -z 
			 || test ! -s conftest.err
configure:9030: $? = 0
configure:9033: test -s conftest.o
configure:9036: $? = 0
configure:9079: gcc -c  -pipe -I/home/varunkakumani/teapot/lib/tbcload conftest.c >&5
conftest.c: In function 'main':
conftest.c:30:19: error: 'open64' undeclared (first use in this function)
   30 | char *p = (char *)open64;
      |                   ^~~~~~
conftest.c:30:19: note: each undeclared identifier is reported only once for each function it appears in
configure:9085: $? = 1
configure: failed program was:
| /* confdefs.h.  */
| 
| #define PACKAGE_NAME "tclcompiler"
| #define PACKAGE_TARNAME "tclcompiler"
| #define PACKAGE_VERSION "1.7.1"
| #define PACKAGE_STRING "tclcompiler 1.7.1"
| #define PACKAGE_BUGREPORT ""
| #define STDC_HEADERS 1
| #define HAVE_SYS_TYPES_H 1
| #define HAVE_SYS_STAT_H 1
| #define HAVE_STDLIB_H 1
| #define HAVE_STRING_H 1
| #define HAVE_MEMORY_H 1
| #define HAVE_STRINGS_H 1
| #define HAVE_INTTYPES_H 1
| #define HAVE_STDINT_H 1
| #define HAVE_UNISTD_H 1
| #define HAVE_LIMITS_H 1
| #define HAVE_SYS_PARAM_H 1
| #define USE_THREAD_ALLOC 1
| #define _REENTRANT 1
| #define _THREAD_SAFE 1
| #define TCL_THREADS 1
| #define _LARGEFILE64_SOURCE 1
| /* end confdefs.h.  */
| #include <sys/stat.h>
| int
| main ()
| {
| char *p = (char *)open64;
|   ;
|   return 0;
| }
configure:9122: gcc -c  -pipe -I/home/varunkakumani/teapot/lib/tbcload conftest.c >&5
conftest.c: In function 'main':
conftest.c:31:19: error: 'open64' undeclared (first use in this function)
   31 | char *p = (char *)open64;
      |                   ^~~~~~
conftest.c:31:19: note: each undeclared identifier is reported only once for each function it appears in
configure:9128: $? = 1
configure: failed program was:
| /* confdefs.h.  */
| 
| #define PACKAGE_NAME "tclcompiler"
| #define PACKAGE_TARNAME "tclcompiler"
| #define PACKAGE_VERSION "1.7.1"
| #define PACKAGE_STRING "tclcompiler 1.7.1"
| #define PACKAGE_BUGREPORT ""
| #define STDC_HEADERS 1
| #define HAVE_SYS_TYPES_H 1
| #define HAVE_SYS_STAT_H 1
| #define HAVE_STDLIB_H 1
| #define HAVE_STRING_H 1
| #define HAVE_MEMORY_H 1
| #define HAVE_STRINGS_H 1
| #define HAVE_INTTYPES_H 1
| #define HAVE_STDINT_H 1
| #define HAVE_UNISTD_H 1
| #define HAVE_LIMITS_H 1
| #define HAVE_SYS_PARAM_H 1
| #define USE_THREAD_ALLOC 1
| #define _REENTRANT 1
| #define _THREAD_SAFE 1
| #define TCL_THREADS 1
| #define _LARGEFILE64_SOURCE 1
| /* end confdefs.h.  */
| #define _LARGEFILE_SOURCE64 1
| #include <sys/stat.h>
| int
| main ()
| {
| char *p = (char *)open64;
|   ;
|   return 0;
| }
configure:9168: result:  _LARGEFILE64_SOURCE
configure:9173: checking for 64-bit integer type
configure:9197: gcc -c  -pipe -I/home/varunkakumani/teapot/lib/tbcload conftest.c >&5
conftest.c: In function 'main':
conftest.c:30:1: error: unknown type name '__int64'
   30 | __int64 value = (__int64) 0;
      | ^~~~~~~
conftest.c:30:18: error: '__int64' undeclared (first use in this function)
   30 | __int64 value = (__int64) 0;
      |                  ^~~~~~~
conftest.c:30:18: note: each undeclared identifier is reported only once for each function it appears in
conftest.c:30:27: error: expected ',' or ';' before numeric constant
   30 | __int64 value = (__int64) 0;
      |                           ^
configure:9203: $? = 1
configure: failed program was:
| /* confdefs.h.  */
| 
| #define PACKAGE_NAME "tclcompiler"
| #define PACKAGE_TARNAME "tclcompiler"
| #define PACKAGE_VERSION "1.7.1"
| #define PACKAGE_STRING "tclcompiler 1.7.1"
| #define PACKAGE_BUGREPORT ""
| #define STDC_HEADERS 1
| #define HAVE_SYS_TYPES_H 1
| #define HAVE_SYS_STAT_H 1
| #define HAVE_STDLIB_H 1
| #define HAVE_STRING_H 1
| #define HAVE_MEMORY_H 1
| #define HAVE_STRINGS_H 1
| #define HAVE_INTTYPES_H 1
| #define HAVE_STDINT_H 1
| #define HAVE_UNISTD_H 1
| #define HAVE_LIMITS_H 1
| #define HAVE_SYS_PARAM_H 1
| #define USE_THREAD_ALLOC 1
| #define _REENTRANT 1
| #define _THREAD_SAFE 1
| #define TCL_THREADS 1
| #define _LARGEFILE64_SOURCE 1
| /* end confdefs.h.  */
| 
| int
| main ()
| {
| __int64 value = (__int64) 0;
|   ;
|   return 0;
| }
configure:9247: gcc -c  -pipe -I/home/varunkakumani/teapot/lib/tbcload conftest.c >&5
conftest.c: In function 'main':
conftest.c:31:21: error: duplicate case value
   31 |             case 1: case (sizeof(long long)==sizeof(long)): ;
      |                     ^~~~
conftest.c:31:13: note: previously used here
   31 |             case 1: case (sizeof(long long)==sizeof(long)): ;
      |             ^~~~
configure:9253: $? = 1
configure: failed program was:
| /* confdefs.h.  */
| 
| #define PACKAGE_NAME "tclcompiler"
| #define PACKAGE_TARNAME "tclcompiler"
| #define PACKAGE_VERSION "1.7.1"
| #define PACKAGE_STRING "tclcompiler 1.7.1"
| #define PACKAGE_BUGREPORT ""
| #define STDC_HEADERS 1
| #define HAVE_SYS_TYPES_H 1
| #define HAVE_SYS_STAT_H 1
| #define HAVE_STDLIB_H 1
| #define HAVE_STRING_H 1
| #define HAVE_MEMORY_H 1
| #define HAVE_STRINGS_H 1
| #define HAVE_INTTYPES_H 1
| #define HAVE_STDINT_H 1
| #define HAVE_UNISTD_H 1
| #define HAVE_LIMITS_H 1
| #define HAVE_SYS_PARAM_H 1
| #define USE_THREAD_ALLOC 1
| #define _REENTRANT 1
| #define _THREAD_SAFE 1
| #define TCL_THREADS 1
| #define _LARGEFILE64_SOURCE 1
| /* end confdefs.h.  */
| 
| int
| main ()
| {
| switch (0) {
|             case 1: case (sizeof(long long)==sizeof(long)): ;
|         }
|   ;
|   return 0;
| }
configure:9283: result: using long
configure:9604: checking for build with symbols
configure:9617: result: no
configure:9733: checking for tclsh
configure:9760: result: /usr/bin/tclsh8.6
configure:9897: creating ./config.status

## ---------------------- ##
## Running config.status. ##
## ---------------------- ##

This file was extended by tclcompiler config.status 1.7.1, which was
generated by GNU Autoconf 2.59.  Invocation command line was

  CONFIG_FILES    = 
  CONFIG_HEADERS  = 
  CONFIG_LINKS    = 
  CONFIG_COMMANDS = 
  $ ./config.status 

on aaa-tcl-tk

config.status:688: creating Makefile

## ---------------- ##
## Cache variables. ##
## ---------------- ##

ac_cv_c_bigendian=no
ac_cv_c_compiler_gnu=yes
ac_cv_c_tclconfig=/usr/lib/tcl8.6
ac_cv_env_CC_set=
ac_cv_env_CC_value=
ac_cv_env_CFLAGS_set=
ac_cv_env_CFLAGS_value=
ac_cv_env_CPPFLAGS_set=set
ac_cv_env_CPPFLAGS_value=-I/home/varunkakumani/teapot/lib/tbcload
ac_cv_env_CPP_set=
ac_cv_env_CPP_value=
ac_cv_env_LDFLAGS_set=
ac_cv_env_LDFLAGS_value=
ac_cv_env_build_alias_set=
ac_cv_env_build_alias_value=
ac_cv_env_host_alias_set=
ac_cv_env_host_alias_value=
ac_cv_env_target_alias_set=
ac_cv_env_target_alias_value=
ac_cv_exeext=
ac_cv_func_connect=yes
ac_cv_func_gethostbyname=yes
ac_cv_func_sin=no
ac_cv_header_dlfcn_h=yes
ac_cv_header_errno_h=yes
ac_cv_header_float_h=yes
ac_cv_header_inttypes_h=yes
ac_cv_header_limits_h=yes
ac_cv_header_memory_h=yes
ac_cv_header_net_errno_h=no
ac_cv_header_stdc=yes
ac_cv_header_stdint_h=yes
ac_cv_header_stdlib_h=yes
ac_cv_header_string_h=yes
ac_cv_header_strings_h=yes
ac_cv_header_sys_param_h=yes
ac_cv_header_sys_stat_h=yes
ac_cv_header_sys_types_h=yes
ac_cv_header_sys_wait_h=yes
ac_cv_header_unistd_h=yes
ac_cv_header_values_h=yes
ac_cv_lib_dl_dlopen=yes
ac_cv_lib_ieee_main=no
ac_cv_lib_inet_main=no
ac_cv_lib_pthread_pthread_mutex_init=yes
ac_cv_objext=o
ac_cv_path_install='/usr/bin/install -c'
ac_cv_prog_AR=ar
ac_cv_prog_CPP='gcc -E'
ac_cv_prog_ac_ct_CC=gcc
ac_cv_prog_ac_ct_RANLIB=ranlib
ac_cv_prog_cc_g=yes
ac_cv_prog_cc_stdc=
ac_cv_prog_egrep='grep -E'
ac_cv_prog_make_make_set=yes
tcl_cv_cc_pipe=yes
tcl_cv_dirent_h=yes
tcl_cv_flag__isoc99_source=no
tcl_cv_flag__largefile64_source=yes
tcl_cv_flag__largefile_source64=no
tcl_cv_sys_version=Linux-5.13.0-1019-gcp
tcl_cv_type_64bit=none

## ----------------- ##
## Output variables. ##
## ----------------- ##

AR='ar'
CC='gcc'
CELIB_DIR=''
CFLAGS=' -pipe ${CFLAGS_DEFAULT} ${CFLAGS_WARNING} ${SHLIB_CFLAGS} -I/home/varunkakumani/teapot/lib/tbcload'
CFLAGS_DEBUG='-g'
CFLAGS_DEFAULT='-O2 -fomit-frame-pointer'
CFLAGS_OPTIMIZE='-O2 -fomit-frame-pointer'
CFLAGS_WARNING='-Wall -Wno-implicit-int'
CLEANFILES='pkgIndex.tcl'
CPP='gcc -E'
CPPFLAGS=''
CYGPATH='echo'
DEFS='-DPACKAGE_NAME=\"tclcompiler\" -DPACKAGE_TARNAME=\"tclcompiler\" -DPACKAGE_VERSION=\"1.7.1\" -DPACKAGE_STRING=\"tclcompiler\ 1.7.1\" -DPACKAGE_BUGREPORT=\"\" -DSTDC_HEADERS=1 -DHAVE_SYS_TYPES_H=1 -DHAVE_SYS_STAT_H=1 -DHAVE_STDLIB_H=1 -DHAVE_STRING_H=1 -DHAVE_MEMORY_H=1 -DHAVE_STRINGS_H=1 -DHAVE_INTTYPES_H=1 -DHAVE_STDINT_H=1 -DHAVE_UNISTD_H=1 -DHAVE_LIMITS_H=1 -DHAVE_SYS_PARAM_H=1 -DUSE_THREAD_ALLOC=1 -D_REENTRANT=1 -D_THREAD_SAFE=1 -DTCL_THREADS=1 -D_LARGEFILE64_SOURCE=1 -DTCL_WIDE_INT_IS_LONG=1 -DUSE_TCL_STUBS=1 '
DL_LIBS='-ldl'
ECHO_C=''
ECHO_N='-n'
ECHO_T=''
EGREP='grep -E'
EXEEXT=''
INSTALL_DATA='${INSTALL} -m 644'
INSTALL_PROGRAM='${INSTALL}'
INSTALL_SCRIPT='${INSTALL}'
LDFLAGS=' -Wl,--export-dynamic '
LDFLAGS_DEFAULT=' -Wl,--export-dynamic '
LD_LIBRARY_PATH_VAR='LD_LIBRARY_PATH'
LIBOBJS=''
LIBS=''
LTLIBOBJS=''
MAKE_LIB='${SHLIB_LD} -o $@ $(PKG_OBJECTS) ${SHLIB_LD_LIBS} '
MAKE_SHARED_LIB='${SHLIB_LD} -o $@ $(PKG_OBJECTS) ${SHLIB_LD_LIBS}'
MAKE_STATIC_LIB='${STLIB_LD} $@ $(PKG_OBJECTS)'
MAKE_STUB_LIB='${STLIB_LD} $@ $(PKG_STUB_OBJECTS)'
MATH_LIBS='-lm'
OBJEXT='o'
PACKAGE_BUGREPORT=''
PACKAGE_NAME='tclcompiler'
PACKAGE_STRING='tclcompiler 1.7.1'
PACKAGE_TARNAME='tclcompiler'
PACKAGE_VERSION='1.7.1'
PATH_SEPARATOR=':'
PKG_CFLAGS=' '
PKG_HEADERS=''
PKG_INCLUDES=''
PKG_LIBS=''
PKG_LIB_FILE='libtclcompiler1.7.1.so'
PKG_OBJECTS=' cmpWPkg.o cmpWrite.o'
PKG_SOURCES=' cmpWPkg.c cmpWrite.c'
PKG_STUB_LIB_FILE='libtclcompilerstub1.7.1.a'
PKG_STUB_OBJECTS=''
PKG_STUB_SOURCES=''
PKG_TCL_SOURCES=''
RANLIB=':'
RANLIB_STUB='ranlib'
SET_MAKE=''
SHARED_BUILD='1'
SHELL='/bin/bash'
SHLIB_CFLAGS='-fPIC'
SHLIB_LD='${CC} -shared ${CFLAGS} ${LDFLAGS_DEFAULT}'
SHLIB_LD_LIBS='${LIBS} -L/usr/lib/x86_64-linux-gnu -ltclstub8.6'
STLIB_LD='${AR} cr'
TCLSH_PROG='/usr/bin/tclsh8.6'
TCL_BIN_DIR='/usr/lib/tcl8.6'
TCL_BMAP_DIR_NATIVE='"/usr/include/tcl8.6/tcl-private/bitmaps"'
TCL_DBGX=''
TCL_DEFS='-DPACKAGE_NAME=\"tcl\" -DPACKAGE_TARNAME=\"tcl\" -DPACKAGE_VERSION=\"8.6\" -DPACKAGE_STRING=\"tcl\ 8.6\" -DPACKAGE_BUGREPORT=\"\" -DSTDC_HEADERS=1 -DHAVE_SYS_TYPES_H=1 -DHAVE_SYS_STAT_H=1 -DHAVE_STDLIB_H=1 -DHAVE_STRING_H=1 -DHAVE_MEMORY_H=1 -DHAVE_STRINGS_H=1 -DHAVE_INTTYPES_H=1 -DHAVE_STDINT_H=1 -DHAVE_UNISTD_H=1 -DHAVE_SYS_PARAM_H=1 -DUSE_THREAD_ALLOC=1 -D_REENTRANT=1 -D_THREAD_SAFE=1 -DHAVE_PTHREAD_ATTR_SETSTACKSIZE=1 -DHAVE_PTHREAD_ATFORK=1 -DTCL_THREADS=1 -DTCL_CFGVAL_ENCODING=\"iso8859-1\" -DHAVE_ZLIB=1 -DMODULE_SCOPE=extern\ __attribute__\(\(__visibility__\(\"hidden\"\)\)\) -DHAVE_HIDDEN=1 -DHAVE_CAST_TO_UNION=1 -DTCL_SHLIB_EXT=\".so\" -DNDEBUG=1 -DTCL_CFG_OPTIMIZED=1 -DTCL_TOMMATH=1 -DMP_PREC=4 -D_LARGEFILE64_SOURCE=1 -DTCL_WIDE_INT_IS_LONG=1 -DHAVE_GETCWD=1 -DHAVE_MKSTEMP=1 -DHAVE_OPENDIR=1 -DHAVE_STRTOL=1 -DHAVE_WAITPID=1 -DHAVE_GETNAMEINFO=1 -DHAVE_GETADDRINFO=1 -DHAVE_FREEADDRINFO=1 -DHAVE_GAI_STRERROR=1 -DHAVE_STRUCT_ADDRINFO=1 -DHAVE_STRUCT_IN6_ADDR=1 -DHAVE_STRUCT_SOCKADDR_IN6=1 -DHAVE_STRUCT_SOCKADDR_STORAGE=1 -DHAVE_GETPWUID_R_5=1 -DHAVE_GETPWUID_R=1 -DHAVE_GETPWNAM_R_5=1 -DHAVE_GETPWNAM_R=1 -DHAVE_GETGRGID_R_5=1 -DHAVE_GETGRGID_R=1 -DHAVE_GETGRNAM_R_5=1 -DHAVE_GETGRNAM_R=1 -DHAVE_DECL_GETHOSTBYNAME_R=1 -DHAVE_GETHOSTBYNAME_R_6=1 -DHAVE_GETHOSTBYNAME_R=1 -DHAVE_DECL_GETHOSTBYADDR_R=1 -DHAVE_GETHOSTBYADDR_R_8=1 -DHAVE_GETHOSTBYADDR_R=1 -DHAVE_TERMIOS_H=1 -DHAVE_SYS_IOCTL_H=1 -DHAVE_SYS_TIME_H=1 -DTIME_WITH_SYS_TIME=1 -DHAVE_GMTIME_R=1 -DHAVE_LOCALTIME_R=1 -DHAVE_MKTIME=1 -DHAVE_TM_GMTOFF=1 -DHAVE_TIMEZONE_VAR=1 -DHAVE_STRUCT_STAT_ST_BLOCKS=1 -DHAVE_STRUCT_STAT_ST_BLKSIZE=1 -DHAVE_BLKCNT_T=1 -DHAVE_INTPTR_T=1 -DHAVE_UINTPTR_T=1 -DNO_UNION_WAIT=1 -DHAVE_SIGNED_CHAR=1 -DHAVE_LANGINFO=1 -DHAVE_MKSTEMPS=1 -DHAVE_FTS=1 -DHAVE_SYS_IOCTL_H=1 -DTCL_UNLOAD_DLLS=1 -DHAVE_CPUID=1 '
TCL_EXTRA_CFLAGS='-g -O2 -fdebug-prefix-map=/build/tcl8.6-AHNbz5/tcl8.6-8.6.10+dfsg=. -fstack-protector-strong -Wformat -Werror=format-security -fno-unit-at-a-time -pipe -Wdate-time -D_FORTIFY_SOURCE=2'
TCL_GENERIC_DIR_NATIVE='"/usr/include/tcl8.6/tcl-private/generic"'
TCL_INCLUDES='-I"/usr/include/tcl8.6/tcl-private/generic" -I"/usr/include/tcl8.6/tcl-private/unix"'
TCL_LD_FLAGS='-Wl,-Bsymbolic-functions -Wl,-z,relro -Wl,--export-dynamic '
TCL_LIBS='${DL_LIBS} ${LIBS} ${MATH_LIBS}'
TCL_LIB_FILE='libtcl8.6.so'
TCL_LIB_FLAG='-ltcl8.6'
TCL_LIB_SPEC='-L/usr/lib/x86_64-linux-gnu -ltcl8.6'
TCL_PLATFORM_DIR_NATIVE='"/usr/include/tcl8.6/tcl-private/unix"'
TCL_SHLIB_LD_LIBS='${LIBS}'
TCL_SRC_DIR='/usr/include/tcl8.6/tcl-private'
TCL_STUB_LIB_FILE='libtclstub8.6.a'
TCL_STUB_LIB_FLAG='-ltclstub8.6'
TCL_STUB_LIB_SPEC='-L/usr/lib/x86_64-linux-gnu -ltclstub8.6'
TCL_THREADS='1'
TCL_TOOL_DIR_NATIVE='"/usr/include/tcl8.6/tcl-private/tools"'
TCL_TOP_DIR_NATIVE='"/usr/include/tcl8.6/tcl-private"'
TCL_UNIX_DIR_NATIVE='"/usr/include/tcl8.6/tcl-private/unix"'
TCL_VERSION='8.6'
TCL_WIN_DIR_NATIVE='"/usr/include/tcl8.6/tcl-private/win"'
ac_ct_CC='gcc'
ac_ct_RANLIB='ranlib'
bindir='${exec_prefix}/bin'
build_alias=''
datadir='${prefix}/share'
exec_prefix='/usr'
host_alias=''
includedir='${prefix}/include'
infodir='${prefix}/info'
libdir='${exec_prefix}/lib'
libexecdir='${exec_prefix}/libexec'
localstatedir='${prefix}/var'
mandir='${prefix}/man'
oldincludedir='/usr/include'
prefix='/usr'
program_transform_name='s,x,x,'
sbindir='${exec_prefix}/sbin'
sharedstatedir='${prefix}/com'
sysconfdir='${prefix}/etc'
target_alias=''

## ----------- ##
## confdefs.h. ##
## ----------- ##

#define HAVE_INTTYPES_H 1
#define HAVE_LIMITS_H 1
#define HAVE_MEMORY_H 1
#define HAVE_STDINT_H 1
#define HAVE_STDLIB_H 1
#define HAVE_STRINGS_H 1
#define HAVE_STRING_H 1
#define HAVE_SYS_PARAM_H 1
#define HAVE_SYS_STAT_H 1
#define HAVE_SYS_TYPES_H 1
#define HAVE_UNISTD_H 1
#define PACKAGE_BUGREPORT ""
#define PACKAGE_NAME "tclcompiler"
#define PACKAGE_STRING "tclcompiler 1.7.1"
#define PACKAGE_TARNAME "tclcompiler"
#define PACKAGE_VERSION "1.7.1"
#define STDC_HEADERS 1
#define TCL_THREADS 1
#define TCL_WIDE_INT_IS_LONG 1
#define USE_TCL_STUBS 1
#define USE_THREAD_ALLOC 1
#define _LARGEFILE64_SOURCE 1
#define _REENTRANT 1
#define _THREAD_SAFE 1

configure: exit 0
